make: Entering directory '/home/daanish/projects/Billi/src'
rm -f main 
make: Leaving directory '/home/daanish/projects/Billi/src'
make: Entering directory '/home/daanish/projects/Billi/src'
g++  -std=c++17 -O3     main.cpp   -o main
make: Leaving directory '/home/daanish/projects/Billi/src'
The number of Simple Bubbles is 144
The number of Superbubbles is 73
The number of insertions is 159
Sequence coverage of the bubble chains is 100.0%
Node coverage of the bubble chains is 100.0%
The longest chain seq-wise has 5328490 bp
The longest chain bubble_wise has 206 bubbles
The number of Simple Bubbles is 1
The number of Superbubbles is 19
The number of insertions is 72
Sequence coverage of the bubble chains is 1.6080875805353307%
Node coverage of the bubble chains is 1.6080875805353307%
The longest chain seq-wise has 10 bp
The longest chain bubble_wise has 2 bubbles
The number of Simple Bubbles is 0
The number of Superbubbles is 31
The number of insertions is 139
Sequence coverage of the bubble chains is 2.8464891549813562%
Node coverage of the bubble chains is 2.8464891549813562%
The longest chain seq-wise has 11 bp
The longest chain bubble_wise has 2 bubbles
The number of Simple Bubbles is 16
The number of Superbubbles is 65
The number of insertions is 52
Sequence coverage of the bubble chains is 13.927902621722847%
Node coverage of the bubble chains is 13.927902621722847%
The longest chain seq-wise has 16 bp
The longest chain bubble_wise has 2 bubbles
The number of Simple Bubbles is 9
The number of Superbubbles is 43
The number of insertions is 32
Sequence coverage of the bubble chains is 8.510131108462454%
Node coverage of the bubble chains is 8.510131108462454%
The longest chain seq-wise has 16 bp
The longest chain bubble_wise has 2 bubbles
The number of Simple Bubbles is 14
The number of Superbubbles is 68
The number of insertions is 49
Sequence coverage of the bubble chains is 14.255218216318786%
Node coverage of the bubble chains is 14.255218216318786%
The longest chain seq-wise has 16 bp
The longest chain bubble_wise has 2 bubbles
